\BOOKMARK [1][-]{Doc-Start}{\376\377\000A\000b\000s\000t\000r\000a\000c\000t}{}% 1
\BOOKMARK [1][-]{section*.1}{\376\377\000C\000o\000n\000t\000e\000n\000t\000s}{}% 2
\BOOKMARK [1][-]{section.1}{\376\377\000S\000y\000m\000b\000o\000l\000s}{}% 3
\BOOKMARK [2][-]{subsection.1.1}{\376\377\000A\000n\000a\000l\000i\000s\000i\000\040\000d\000e\000l\000l\000a\000\040\000m\000i\000s\000s\000i\000o\000n\000e}{section.1}% 4
\BOOKMARK [2][-]{subsection.1.2}{\376\377\000A\000n\000a\000l\000i\000s\000i\000\040\000d\000e\000l\000l\000a\000\040\000m\000i\000s\000s\000i\000o\000n\000e\000\040\0002}{section.1}% 5
\BOOKMARK [1][-]{section.2}{\376\377\000R\000e\000q\000u\000i\000r\000e\000m\000e\000n\000t\000s}{}% 6
\BOOKMARK [1][-]{section.3}{\376\377\000F\000r\000a\000m\000e\000w\000o\000r\000k\000\040\000A\000n\000a\000l\000y\000s\000i\000s}{}% 7
\BOOKMARK [2][-]{subsection.3.1}{\376\377\000S\000a\000t\000e\000l\000l\000i\000t\000e\000\040\000c\000h\000a\000r\000a\000c\000t\000e\000r\000i\000z\000a\000t\000i\000o\000n}{section.3}% 8
\BOOKMARK [2][-]{subsection.3.2}{\376\377\000O\000r\000b\000i\000t\000\040\000c\000h\000a\000r\000a\000c\000t\000e\000r\000i\000z\000a\000t\000i\000o\000n}{section.3}% 9
\BOOKMARK [1][-]{section.4}{\376\377\000D\000y\000n\000a\000m\000i\000c\000s}{}% 10
\BOOKMARK [1][-]{section.5}{\376\377\000K\000i\000n\000e\000m\000a\000t\000i\000c\000s}{}% 11
\BOOKMARK [1][-]{section.6}{\376\377\000D\000i\000s\000t\000u\000r\000b\000a\000n\000c\000e\000s\000\040\000a\000n\000a\000l\000y\000s\000i\000s}{}% 12
\BOOKMARK [2][-]{subsection.6.1}{\376\377\000M\000a\000g\000n\000e\000t\000i\000c\000\040\000D\000i\000s\000t\000u\000r\000b\000a\000n\000c\000e}{section.6}% 13
\BOOKMARK [2][-]{subsection.6.2}{\376\377\000S\000R\000P\000\040\000D\000i\000s\000t\000u\000r\000b\000a\000n\000c\000e}{section.6}% 14
\BOOKMARK [2][-]{subsection.6.3}{\376\377\000D\000r\000a\000g\000\040\000D\000i\000s\000t\000u\000r\000b\000a\000n\000c\000e}{section.6}% 15
\BOOKMARK [2][-]{subsection.6.4}{\376\377\000G\000r\000a\000v\000i\000t\000y\000\040\000G\000r\000a\000d\000i\000e\000n\000t\000\040\000D\000i\000s\000t\000u\000r\000b\000a\000n\000c\000e}{section.6}% 16
\BOOKMARK [2][-]{subsection.6.5}{\376\377\000S\000i\000m\000u\000l\000a\000t\000i\000o\000n\000\040\000o\000f\000\040\000a\000l\000l\000\040\000d\000i\000s\000t\000u\000r\000b\000a\000n\000c\000e\000s}{section.6}% 17
\BOOKMARK [1][-]{section.7}{\376\377\000S\000e\000n\000s\000o\000r\000s}{}% 18
\BOOKMARK [2][-]{subsection.7.1}{\376\377\000H\000o\000r\000i\000z\000o\000n\000\040\000S\000e\000n\000s\000o\000r}{section.7}% 19
\BOOKMARK [2][-]{subsection.7.2}{\376\377\000M\000a\000g\000n\000e\000t\000o\000m\000e\000t\000e\000r}{section.7}% 20
\BOOKMARK [2][-]{subsection.7.3}{\376\377\000S\000u\000n\000\040\000S\000e\000n\000s\000o\000r}{section.7}% 21
\BOOKMARK [1][-]{section.8}{\376\377\000A\000t\000t\000i\000t\000u\000d\000e\000\040\000d\000e\000t\000e\000r\000m\000i\000n\000a\000t\000i\000o\000n}{}% 22
\BOOKMARK [1][-]{section.9}{\376\377\000A\000c\000t\000u\000a\000t\000o\000r\000s}{}% 23
\BOOKMARK [2][-]{subsection.9.1}{\376\377\000M\000a\000g\000n\000e\000t\000o\000r\000q\000u\000e\000r\000s}{section.9}% 24
\BOOKMARK [2][-]{subsection.9.2}{\376\377\000R\000e\000a\000c\000t\000i\000o\000n\000\040\000W\000h\000e\000e\000l\000s}{section.9}% 25
\BOOKMARK [1][-]{section.10}{\376\377\000C\000o\000n\000t\000r\000o\000l\000\040\000l\000o\000g\000i\000c}{}% 26
\BOOKMARK [2][-]{subsection.10.1}{\376\377\000D\000e\000-\000t\000u\000m\000b\000l\000i\000n\000g\000\040\000p\000h\000a\000s\000e\000:\000\040\000t\000h\000e\000\040\000B\000-\000d\000o\000t\000\040\000c\000o\000n\000t\000r\000o\000l}{section.10}% 27
\BOOKMARK [2][-]{subsection.10.2}{\376\377\000S\000l\000e\000w\000\040\000a\000n\000d\000\040\000N\000a\000d\000i\000r\000\040\000p\000o\000i\000n\000t\000i\000n\000g\000\040\000p\000h\000a\000s\000e\000s}{section.10}% 28
\BOOKMARK [3][-]{subsubsection.10.2.1}{\376\377\000C\000o\000n\000t\000r\000o\000l\000\040\000l\000a\000w\000\040\000f\000o\000r\000\040\000t\000h\000e\000\040\000S\000l\000e\000w\000\040\000a\000n\000d\000\040\000T\000r\000a\000c\000k\000i\000n\000g\000\040\000M\000a\000n\000u\000e\000v\000e\000r}{subsection.10.2}% 29
\BOOKMARK [3][-]{subsubsection.10.2.2}{\376\377\000A\000c\000t\000u\000a\000t\000o\000r\000\040\000c\000o\000m\000m\000a\000n\000d\000\040\000l\000o\000g\000i\000c\000\040\000f\000o\000r\000\040\000S\000l\000e\000w\000\040\000a\000n\000d\000\040\000N\000a\000d\000i\000r\000\040\000p\000o\000i\000n\000t\000i\000n\000g}{subsection.10.2}% 30
\BOOKMARK [1][-]{section.11}{\376\377\000C\000o\000n\000c\000l\000u\000s\000i\000o\000n}{}% 31
\BOOKMARK [1][-]{section*.50}{\376\377\000B\000i\000b\000l\000i\000o\000g\000r\000a\000p\000h\000y}{}% 32
